/root/ros2_ws/install/custom_topics/lib/python3.10/site-packages/custom_topics/__init__.py
/root/ros2_ws/install/custom_topics/lib/python3.10/site-packages/custom_topics/data_publisher.py
/root/ros2_ws/install/custom_topics/lib/python3.10/site-packages/custom_topics/target_publisher.py
/root/ros2_ws/install/custom_topics/lib/python3.10/site-packages/custom_topics/solution_publisher.py
/root/ros2_ws/install/custom_topics/lib/python3.10/site-packages/custom_topics/__pycache__/__init__.cpython-310.pyc
/root/ros2_ws/install/custom_topics/lib/python3.10/site-packages/custom_topics/__pycache__/data_publisher.cpython-310.pyc
/root/ros2_ws/install/custom_topics/lib/python3.10/site-packages/custom_topics/__pycache__/target_publisher.cpython-310.pyc
/root/ros2_ws/install/custom_topics/lib/python3.10/site-packages/custom_topics/__pycache__/solution_publisher.cpython-310.pyc
/root/ros2_ws/install/custom_topics/share/ament_index/resource_index/packages/custom_topics
/root/ros2_ws/install/custom_topics/share/custom_topics/package.xml
/root/ros2_ws/install/custom_topics/lib/python3.10/site-packages/custom_topics-0.0.0-py3.10.egg-info/PKG-INFO
/root/ros2_ws/install/custom_topics/lib/python3.10/site-packages/custom_topics-0.0.0-py3.10.egg-info/zip-safe
/root/ros2_ws/install/custom_topics/lib/python3.10/site-packages/custom_topics-0.0.0-py3.10.egg-info/SOURCES.txt
/root/ros2_ws/install/custom_topics/lib/python3.10/site-packages/custom_topics-0.0.0-py3.10.egg-info/entry_points.txt
/root/ros2_ws/install/custom_topics/lib/python3.10/site-packages/custom_topics-0.0.0-py3.10.egg-info/requires.txt
/root/ros2_ws/install/custom_topics/lib/python3.10/site-packages/custom_topics-0.0.0-py3.10.egg-info/top_level.txt
/root/ros2_ws/install/custom_topics/lib/python3.10/site-packages/custom_topics-0.0.0-py3.10.egg-info/dependency_links.txt
/root/ros2_ws/install/custom_topics/lib/custom_topics/data_publisher
/root/ros2_ws/install/custom_topics/lib/custom_topics/solution_publisher
/root/ros2_ws/install/custom_topics/lib/custom_topics/target_publisher
