running egg_info
creating ../../build/custom_topics/custom_topics.egg-info
writing ../../build/custom_topics/custom_topics.egg-info/PKG-INFO
writing dependency_links to ../../build/custom_topics/custom_topics.egg-info/dependency_links.txt
writing entry points to ../../build/custom_topics/custom_topics.egg-info/entry_points.txt
writing requirements to ../../build/custom_topics/custom_topics.egg-info/requires.txt
writing top-level names to ../../build/custom_topics/custom_topics.egg-info/top_level.txt
writing manifest file '../../build/custom_topics/custom_topics.egg-info/SOURCES.txt'
reading manifest file '../../build/custom_topics/custom_topics.egg-info/SOURCES.txt'
writing manifest file '../../build/custom_topics/custom_topics.egg-info/SOURCES.txt'
running build
running build_py
creating /root/ros2_ws/build/custom_topics/build
creating /root/ros2_ws/build/custom_topics/build/lib
creating /root/ros2_ws/build/custom_topics/build/lib/custom_topics
copying custom_topics/__init__.py -> /root/ros2_ws/build/custom_topics/build/lib/custom_topics
running install
running install_lib
creating /root/ros2_ws/install/custom_topics/lib/python3.10/site-packages/custom_topics
copying /root/ros2_ws/build/custom_topics/build/lib/custom_topics/__init__.py -> /root/ros2_ws/install/custom_topics/lib/python3.10/site-packages/custom_topics
byte-compiling /root/ros2_ws/install/custom_topics/lib/python3.10/site-packages/custom_topics/__init__.py to __init__.cpython-310.pyc
running install_data
creating /root/ros2_ws/install/custom_topics/share/ament_index
creating /root/ros2_ws/install/custom_topics/share/ament_index/resource_index
creating /root/ros2_ws/install/custom_topics/share/ament_index/resource_index/packages
copying resource/custom_topics -> /root/ros2_ws/install/custom_topics/share/ament_index/resource_index/packages
copying package.xml -> /root/ros2_ws/install/custom_topics/share/custom_topics
running install_egg_info
Copying ../../build/custom_topics/custom_topics.egg-info to /root/ros2_ws/install/custom_topics/lib/python3.10/site-packages/custom_topics-0.0.0-py3.10.egg-info
running install_scripts
writing list of installed files to '/root/ros2_ws/build/custom_topics/install.log'
