running egg_info
writing ../../build/custom_topics/custom_topics.egg-info/PKG-INFO
writing dependency_links to ../../build/custom_topics/custom_topics.egg-info/dependency_links.txt
writing entry points to ../../build/custom_topics/custom_topics.egg-info/entry_points.txt
writing requirements to ../../build/custom_topics/custom_topics.egg-info/requires.txt
writing top-level names to ../../build/custom_topics/custom_topics.egg-info/top_level.txt
reading manifest file '../../build/custom_topics/custom_topics.egg-info/SOURCES.txt'
writing manifest file '../../build/custom_topics/custom_topics.egg-info/SOURCES.txt'
running build
running build_py
running install
running install_lib
running install_data
copying package.xml -> /root/ros2_ws/install/custom_topics/share/custom_topics
running install_egg_info
removing '/root/ros2_ws/install/custom_topics/lib/python3.10/site-packages/custom_topics-0.0.0-py3.10.egg-info' (and everything under it)
Copying ../../build/custom_topics/custom_topics.egg-info to /root/ros2_ws/install/custom_topics/lib/python3.10/site-packages/custom_topics-0.0.0-py3.10.egg-info
running install_scripts
Installing solution_publisher script to /root/ros2_ws/install/custom_topics/lib/custom_topics
Installing target_publisher script to /root/ros2_ws/install/custom_topics/lib/custom_topics
writing list of installed files to '/root/ros2_ws/build/custom_topics/install.log'
